<?xml version="1.0" encoding="UTF-8"?>
<!-- Generated by org.testng.reporters.JUnitReportReporter -->
<testsuite hostname="ONGC-Del-BPM" name="com.abof.test.AbofTCTestcase" tests="1" failures="0" timestamp="13 Sep 2017 16:19:29 GMT" time="4.093" errors="0">
  <testcase name="main" time="4.093" classname="com.abof.test.AbofTCTestcase"/>
</testsuite> <!-- com.abof.test.AbofTCTestcase -->
