<?xml version="1.0" encoding="UTF-8"?>
<!-- Generated by org.testng.reporters.JUnitReportReporter -->
<testsuite hostname="ONGC-Del-BPM" name="com.sanalmarket.mobile.merve.AppiumTest" tests="1" failures="0" timestamp="12 Sep 2017 15:36:13 GMT" time="22.522" errors="0">
  <testcase name="f" time="22.522" classname="com.sanalmarket.mobile.merve.AppiumTest"/>
</testsuite> <!-- com.sanalmarket.mobile.merve.AppiumTest -->
