<?xml version="1.0" encoding="UTF-8"?>
<!-- Generated by org.testng.reporters.JUnitReportReporter -->
<testsuite hostname="ONGC-Del-BPM" name="com.sanalmarket.mobile.merve.VerticalAndHorizontalSwipe" tests="1" failures="0" timestamp="14 Sep 2017 09:53:55 GMT" time="13.841" errors="0">
  <testcase name="main" time="13.841" classname="com.sanalmarket.mobile.merve.VerticalAndHorizontalSwipe"/>
</testsuite> <!-- com.sanalmarket.mobile.merve.VerticalAndHorizontalSwipe -->
