<?xml version="1.0" encoding="UTF-8"?>
<!-- Generated by org.testng.reporters.JUnitReportReporter -->
<testsuite hostname="ONGC-Del-BPM" name="com.abof.test.AbofTest" tests="1" failures="0" timestamp="19 Sep 2017 15:57:14 GMT" time="21.698" errors="0">
  <testcase name="main" time="21.698" classname="com.abof.test.AbofTest"/>
</testsuite> <!-- com.abof.test.AbofTest -->
