<?xml version="1.0" encoding="UTF-8"?>
<!-- Generated by org.testng.reporters.JUnitReportReporter -->
<testsuite hostname="ONGC-Del-BPM" name="com.abof.test.ExcelTest" tests="1" failures="0" timestamp="20 Sep 2017 13:33:04 GMT" time="1.018" errors="0">
  <testcase name="main" time="1.018" classname="com.abof.test.ExcelTest"/>
</testsuite> <!-- com.abof.test.ExcelTest -->
