<?xml version="1.0" encoding="UTF-8"?>
<!-- Generated by org.testng.reporters.JUnitReportReporter -->
<testsuite hostname="ONGC-Del-BPM" name="com.sanalmarket.mobile.merve.TestNGAnnotations" tests="1" failures="0" timestamp="14 Sep 2017 09:20:57 GMT" time="0.006" errors="0">
  <testcase name="main" time="0.006" classname="com.sanalmarket.mobile.merve.TestNGAnnotations"/>
</testsuite> <!-- com.sanalmarket.mobile.merve.TestNGAnnotations -->
