<?xml version="1.0" encoding="UTF-8"?>
<!-- Generated by org.testng.reporters.JUnitReportReporter -->
<testsuite hostname="ONGC-Del-BPM" name="com.abof.test.AbofTest" tests="1" failures="0" timestamp="20 Sep 2017 15:21:57 GMT" time="20.613" errors="0">
  <testcase name="main" time="20.613" classname="com.abof.test.AbofTest"/>
</testsuite> <!-- com.abof.test.AbofTest -->
