<?xml version="1.0" encoding="UTF-8"?>
<!-- Generated by org.testng.reporters.JUnitReportReporter -->
<testsuite hostname="ONGC-Del-BPM" name="com.sanalmarket.mobile.merve.AbofTC" tests="1" failures="0" timestamp="12 Sep 2017 16:20:15 GMT" time="10.680" errors="0">
  <testcase name="f" time="10.680" classname="com.sanalmarket.mobile.merve.AbofTC"/>
</testsuite> <!-- com.sanalmarket.mobile.merve.AbofTC -->
