<?xml version="1.0" encoding="UTF-8"?>
<!-- Generated by org.testng.reporters.JUnitReportReporter -->
<testsuite hostname="ONGC-Del-BPM" name="com.abof.test.AbofTCTestcase" tests="1" failures="0" timestamp="14 Sep 2017 10:10:17 GMT" time="9.753" errors="0">
  <testcase name="main" time="9.753" classname="com.abof.test.AbofTCTestcase"/>
</testsuite> <!-- com.abof.test.AbofTCTestcase -->
