<?xml version="1.0" encoding="UTF-8"?>
<!-- Generated by org.testng.reporters.JUnitReportReporter -->
<testsuite hostname="ONGC-Del-BPM" name="com.abof.test.AbofTest" tests="1" failures="0" timestamp="8 Sep 2017 11:31:00 GMT" time="21.250" errors="0">
  <testcase name="main" time="21.250" classname="com.abof.test.AbofTest"/>
</testsuite> <!-- com.abof.test.AbofTest -->
